<?xml version="1.0" encoding="UTF-8"?>
<testsuite name="ru.stqa.pft.addressbook.tests.GroupDeletionTests" tests="1" skipped="0" failures="0" errors="0" timestamp="2018-11-18T16:08:11" hostname="MacBook-Pro-Maria.local" time="0.448">
  <properties/>
  <testcase name="testGroupDeletion" classname="ru.stqa.pft.addressbook.tests.GroupDeletionTests" time="0.448"/>
  <system-out><![CDATA[19:08:11.679 [Test worker] INFO  r.s.pft.addressbook.tests.TestBase - Start testtestGroupDeletion with parameters[]
Hibernate: select contactdat0_.id as id1_1_, contactdat0_.home as home2_1_, contactdat0_.mobile as mobile3_1_, contactdat0_.firstname as firstnam4_1_, contactdat0_.photo as photo5_1_, contactdat0_.lastname as lastname6_1_, contactdat0_.work as work7_1_ from addressbook contactdat0_ where deprecated='0000-00-00'
Hibernate: select groups0_.id as id1_0_0_, groups0_.group_id as group_id2_0_0_, groupdata1_.group_id as group_id1_2_1_, groupdata1_.group_footer as group_fo2_2_1_, groupdata1_.group_header as group_he3_2_1_, groupdata1_.group_name as group_na4_2_1_ from address_in_groups groups0_ inner join group_list groupdata1_ on groups0_.group_id=groupdata1_.group_id where groups0_.id=?
Hibernate: select groups0_.id as id1_0_0_, groups0_.group_id as group_id2_0_0_, groupdata1_.group_id as group_id1_2_1_, groupdata1_.group_footer as group_fo2_2_1_, groupdata1_.group_header as group_he3_2_1_, groupdata1_.group_name as group_na4_2_1_ from address_in_groups groups0_ inner join group_list groupdata1_ on groups0_.group_id=groupdata1_.group_id where groups0_.id=?
Hibernate: select groups0_.id as id1_0_0_, groups0_.group_id as group_id2_0_0_, groupdata1_.group_id as group_id1_2_1_, groupdata1_.group_footer as group_fo2_2_1_, groupdata1_.group_header as group_he3_2_1_, groupdata1_.group_name as group_na4_2_1_ from address_in_groups groups0_ inner join group_list groupdata1_ on groups0_.group_id=groupdata1_.group_id where groups0_.id=?
Hibernate: select groups0_.id as id1_0_0_, groups0_.group_id as group_id2_0_0_, groupdata1_.group_id as group_id1_2_1_, groupdata1_.group_footer as group_fo2_2_1_, groupdata1_.group_header as group_he3_2_1_, groupdata1_.group_name as group_na4_2_1_ from address_in_groups groups0_ inner join group_list groupdata1_ on groups0_.group_id=groupdata1_.group_id where groups0_.id=?
Hibernate: select groups0_.id as id1_0_0_, groups0_.group_id as group_id2_0_0_, groupdata1_.group_id as group_id1_2_1_, groupdata1_.group_footer as group_fo2_2_1_, groupdata1_.group_header as group_he3_2_1_, groupdata1_.group_name as group_na4_2_1_ from address_in_groups groups0_ inner join group_list groupdata1_ on groups0_.group_id=groupdata1_.group_id where groups0_.id=?
Hibernate: select groups0_.id as id1_0_0_, groups0_.group_id as group_id2_0_0_, groupdata1_.group_id as group_id1_2_1_, groupdata1_.group_footer as group_fo2_2_1_, groupdata1_.group_header as group_he3_2_1_, groupdata1_.group_name as group_na4_2_1_ from address_in_groups groups0_ inner join group_list groupdata1_ on groups0_.group_id=groupdata1_.group_id where groups0_.id=?
Hibernate: select groups0_.id as id1_0_0_, groups0_.group_id as group_id2_0_0_, groupdata1_.group_id as group_id1_2_1_, groupdata1_.group_footer as group_fo2_2_1_, groupdata1_.group_header as group_he3_2_1_, groupdata1_.group_name as group_na4_2_1_ from address_in_groups groups0_ inner join group_list groupdata1_ on groups0_.group_id=groupdata1_.group_id where groups0_.id=?
Hibernate: select groups0_.id as id1_0_0_, groups0_.group_id as group_id2_0_0_, groupdata1_.group_id as group_id1_2_1_, groupdata1_.group_footer as group_fo2_2_1_, groupdata1_.group_header as group_he3_2_1_, groupdata1_.group_name as group_na4_2_1_ from address_in_groups groups0_ inner join group_list groupdata1_ on groups0_.group_id=groupdata1_.group_id where groups0_.id=?
Hibernate: select groups0_.id as id1_0_0_, groups0_.group_id as group_id2_0_0_, groupdata1_.group_id as group_id1_2_1_, groupdata1_.group_footer as group_fo2_2_1_, groupdata1_.group_header as group_he3_2_1_, groupdata1_.group_name as group_na4_2_1_ from address_in_groups groups0_ inner join group_list groupdata1_ on groups0_.group_id=groupdata1_.group_id where groups0_.id=?
Hibernate: select groups0_.id as id1_0_0_, groups0_.group_id as group_id2_0_0_, groupdata1_.group_id as group_id1_2_1_, groupdata1_.group_footer as group_fo2_2_1_, groupdata1_.group_header as group_he3_2_1_, groupdata1_.group_name as group_na4_2_1_ from address_in_groups groups0_ inner join group_list groupdata1_ on groups0_.group_id=groupdata1_.group_id where groups0_.id=?
Hibernate: select groups0_.id as id1_0_0_, groups0_.group_id as group_id2_0_0_, groupdata1_.group_id as group_id1_2_1_, groupdata1_.group_footer as group_fo2_2_1_, groupdata1_.group_header as group_he3_2_1_, groupdata1_.group_name as group_na4_2_1_ from address_in_groups groups0_ inner join group_list groupdata1_ on groups0_.group_id=groupdata1_.group_id where groups0_.id=?
Hibernate: select groups0_.id as id1_0_0_, groups0_.group_id as group_id2_0_0_, groupdata1_.group_id as group_id1_2_1_, groupdata1_.group_footer as group_fo2_2_1_, groupdata1_.group_header as group_he3_2_1_, groupdata1_.group_name as group_na4_2_1_ from address_in_groups groups0_ inner join group_list groupdata1_ on groups0_.group_id=groupdata1_.group_id where groups0_.id=?
Hibernate: select groupdata0_.group_id as group_id1_2_, groupdata0_.group_footer as group_fo2_2_, groupdata0_.group_header as group_he3_2_, groupdata0_.group_name as group_na4_2_ from group_list groupdata0_ where deprecated='0000-00-00'
Hibernate: select groupdata0_.group_id as group_id1_2_, groupdata0_.group_footer as group_fo2_2_, groupdata0_.group_header as group_he3_2_, groupdata0_.group_name as group_na4_2_ from group_list groupdata0_ where deprecated='0000-00-00'
]]></system-out>
  <system-err><![CDATA[1542557291729	Marionette	TRACE	0 -> [0,191,"WebDriver:FindElement",{"using":"css selector","value":"input[value='45']"}]
1542557291732	Marionette	TRACE	0 <- [1,191,null,{"value":{"element-6066-11e4-a52e-4f735466cecf":"977881f1-ac9a-1c4c-9046-e02fc0265ce7"}}]
1542557291736	Marionette	TRACE	0 -> [0,192,"WebDriver:ElementClick",{"id":"977881f1-ac9a-1c4c-9046-e02fc0265ce7"}]
1542557291944	Marionette	DEBUG	[4294967297] Canceled page load listener because no navigation has been detected
1542557291946	Marionette	TRACE	0 <- [1,192,null,{"value":null}]
1542557291949	Marionette	TRACE	0 -> [0,193,"WebDriver:FindElement",{"using":"css selector","value":"*[name='delete']"}]
1542557291951	Marionette	TRACE	0 <- [1,193,null,{"value":{"element-6066-11e4-a52e-4f735466cecf":"4e7c4a5e-7cf0-c048-a552-5fdacd117939"}}]
1542557291955	Marionette	TRACE	0 -> [0,194,"WebDriver:ElementClick",{"id":"4e7c4a5e-7cf0-c048-a552-5fdacd117939"}]
1542557291959	Marionette	DEBUG	[4294967297] Received DOM event beforeunload for http://localhost/addressbook/group.php
1542557292028	Marionette	DEBUG	[4294967297] Received DOM event pagehide for http://localhost/addressbook/group.php
1542557292028	Marionette	DEBUG	[4294967297] Received DOM event unload for http://localhost/addressbook/group.php
1542557292038	Marionette	DEBUG	[4294967297] Received DOM event DOMContentLoaded for http://localhost/addressbook/group.php
1542557292044	Marionette	DEBUG	[4294967297] Received DOM event pageshow for http://localhost/addressbook/group.php
1542557292044	Marionette	TRACE	0 <- [1,194,null,{"value":null}]
1542557292053	Marionette	TRACE	0 -> [0,195,"WebDriver:FindElement",{"using":"link text","value":"group page"}]
1542557292075	Marionette	TRACE	0 <- [1,195,null,{"value":{"element-6066-11e4-a52e-4f735466cecf":"d3048444-d8fa-2244-b11a-7f4317d61b6c"}}]
1542557292078	Marionette	TRACE	0 -> [0,196,"WebDriver:ElementClick",{"id":"d3048444-d8fa-2244-b11a-7f4317d61b6c"}]
1542557292084	Marionette	DEBUG	[4294967297] Received DOM event beforeunload for http://localhost/addressbook/group.php
1542557292147	Marionette	DEBUG	[4294967297] Received DOM event pagehide for http://localhost/addressbook/group.php
1542557292147	Marionette	DEBUG	[4294967297] Received DOM event unload for http://localhost/addressbook/group.php
1542557292152	Marionette	DEBUG	[4294967297] Received DOM event DOMContentLoaded for http://localhost/addressbook/group.php
1542557292155	Marionette	DEBUG	[4294967297] Received DOM event pageshow for http://localhost/addressbook/group.php
1542557292156	Marionette	TRACE	0 <- [1,196,null,{"value":null}]
]]></system-err>
</testsuite>
