<?xml version="1.0" encoding="UTF-8"?>
<testsuite name="ru.stqa.pft.addressbook.tests.GroupDeletionTests" tests="1" skipped="0" failures="0" errors="0" timestamp="2018-10-18T16:22:40" hostname="MacBook-Pro-Maria.local" time="0.566">
  <properties/>
  <testcase name="testGroupDeletion" classname="ru.stqa.pft.addressbook.tests.GroupDeletionTests" time="0.566"/>
  <system-out><![CDATA[]]></system-out>
  <system-err><![CDATA[1539879760823	Marionette	DEBUG	[4294967297] Received DOM event beforeunload for http://localhost/addressbook/group.php
1539879760883	Marionette	DEBUG	[4294967297] Received DOM event pagehide for http://localhost/addressbook/group.php
1539879760883	Marionette	DEBUG	[4294967297] Received DOM event unload for http://localhost/addressbook/group.php
1539879760890	Marionette	DEBUG	[4294967297] Received DOM event DOMContentLoaded for http://localhost/addressbook/group.php
1539879760894	Marionette	DEBUG	[4294967297] Received DOM event pageshow for http://localhost/addressbook/group.php
1539879761119	Marionette	DEBUG	[4294967297] Canceled page load listener because no navigation has been detected
1539879761132	Marionette	DEBUG	[4294967297] Received DOM event beforeunload for http://localhost/addressbook/group.php
1539879761182	Marionette	DEBUG	[4294967297] Received DOM event pagehide for http://localhost/addressbook/group.php
1539879761182	Marionette	DEBUG	[4294967297] Received DOM event unload for http://localhost/addressbook/group.php
1539879761187	Marionette	DEBUG	[4294967297] Received DOM event DOMContentLoaded for http://localhost/addressbook/group.php
1539879761191	Marionette	DEBUG	[4294967297] Received DOM event pageshow for http://localhost/addressbook/group.php
1539879761230	Marionette	DEBUG	[4294967297] Received DOM event beforeunload for http://localhost/addressbook/group.php
1539879761286	Marionette	DEBUG	[4294967297] Received DOM event pagehide for http://localhost/addressbook/group.php
1539879761287	Marionette	DEBUG	[4294967297] Received DOM event unload for http://localhost/addressbook/group.php
1539879761292	Marionette	DEBUG	[4294967297] Received DOM event DOMContentLoaded for http://localhost/addressbook/group.php
1539879761298	Marionette	DEBUG	[4294967297] Received DOM event pageshow for http://localhost/addressbook/group.php
]]></system-err>
</testsuite>
