<?xml version="1.0" encoding="UTF-8"?>
<testsuite name="ru.stqa.pft.addressbook.tests.ContactCreationTests" tests="4" skipped="0" failures="0" errors="0" timestamp="2018-10-18T17:49:27" hostname="MacBook-Pro-Maria.local" time="31.896">
  <properties/>
  <testcase name="testContactCreation" classname="ru.stqa.pft.addressbook.tests.ContactCreationTests" time="8.826"/>
  <testcase name="testContactCreationJson[0](ContactData{id=2147483647, name='maria0', surname='belaya0'})" classname="ru.stqa.pft.addressbook.tests.ContactCreationTests" time="7.519"/>
  <testcase name="testContactCreationJson[1](ContactData{id=2147483647, name='maria1', surname='belaya1'})" classname="ru.stqa.pft.addressbook.tests.ContactCreationTests" time="7.741"/>
  <testcase name="testContactCreationJson[2](ContactData{id=2147483647, name='maria2', surname='belaya2'})" classname="ru.stqa.pft.addressbook.tests.ContactCreationTests" time="7.765"/>
  <system-out><![CDATA[16
16
17
17
18
18
19
19
]]></system-out>
  <system-err><![CDATA[1539884969437	Marionette	DEBUG	[4294967297] Received DOM event beforeunload for http://localhost/addressbook/index.php
1539884969573	Marionette	DEBUG	[4294967297] Received DOM event pagehide for http://localhost/addressbook/index.php
1539884969573	Marionette	DEBUG	[4294967297] Received DOM event unload for http://localhost/addressbook/index.php
1539884969580	Marionette	DEBUG	[4294967297] Received DOM event DOMContentLoaded for http://localhost/addressbook/edit.php
1539884969596	Marionette	DEBUG	[4294967297] Received DOM event pageshow for http://localhost/addressbook/edit.php
1539884969867	Marionette	DEBUG	[4294967297] Canceled page load listener because no navigation has been detected
1539884970083	Marionette	DEBUG	[4294967297] Canceled page load listener because no navigation has been detected
1539884970353	Marionette	DEBUG	[4294967297] Canceled page load listener because no navigation has been detected
1539884970635	Marionette	DEBUG	[4294967297] Canceled page load listener because no navigation has been detected
1539884970891	Marionette	DEBUG	[4294967297] Canceled page load listener because no navigation has been detected
1539884971160	Marionette	DEBUG	[4294967297] Canceled page load listener because no navigation has been detected
1539884971416	Marionette	DEBUG	[4294967297] Canceled page load listener because no navigation has been detected
1539884971674	Marionette	DEBUG	[4294967297] Canceled page load listener because no navigation has been detected
1539884971940	Marionette	DEBUG	[4294967297] Canceled page load listener because no navigation has been detected
1539884972203	Marionette	DEBUG	[4294967297] Canceled page load listener because no navigation has been detected
1539884972248	Marionette	DEBUG	[4294967297] Received DOM event beforeunload for http://localhost/addressbook/edit.php
1539884972325	Marionette	DEBUG	[4294967297] Received DOM event pagehide for http://localhost/addressbook/edit.php
1539884972326	Marionette	DEBUG	[4294967297] Received DOM event unload for http://localhost/addressbook/edit.php
1539884972331	Marionette	DEBUG	[4294967297] Received DOM event DOMContentLoaded for http://localhost/addressbook/edit.php
1539884972341	Marionette	DEBUG	[4294967297] Received DOM event pageshow for http://localhost/addressbook/edit.php
1539884972374	Marionette	DEBUG	[4294967297] Received DOM event beforeunload for http://localhost/addressbook/edit.php
1539884972380	Marionette	DEBUG	[4294967297] Received DOM event pagehide for http://localhost/addressbook/edit.php
1539884972380	Marionette	DEBUG	[4294967297] Received DOM event unload for http://localhost/addressbook/edit.php
1539884972386	Marionette	DEBUG	[4294967297] Received DOM event DOMContentLoaded for http://localhost/addressbook/
1539884972395	Marionette	DEBUG	[4294967297] Received DOM event pageshow for http://localhost/addressbook/
1539884978201	Marionette	DEBUG	[4294967297] Received DOM event beforeunload for http://localhost/addressbook/index.php
1539884978349	Marionette	DEBUG	[4294967297] Received DOM event pagehide for http://localhost/addressbook/index.php
1539884978350	Marionette	DEBUG	[4294967297] Received DOM event unload for http://localhost/addressbook/index.php
1539884978356	Marionette	DEBUG	[4294967297] Received DOM event DOMContentLoaded for http://localhost/addressbook/edit.php
1539884978393	Marionette	DEBUG	[4294967297] Received DOM event pageshow for http://localhost/addressbook/edit.php
1539884978611	Marionette	DEBUG	[4294967297] Canceled page load listener because no navigation has been detected
JavaScript error: resource://gre/modules/AutoCompletePopup.jsm, line 161: TypeError: Services.focus.focusedWindow is null
JavaScript error: resource://gre/modules/AutoCompletePopup.jsm, line 161: TypeError: Services.focus.focusedWindow is null
1539884978825	Marionette	DEBUG	[4294967297] Canceled page load listener because no navigation has been detected
1539884979078	Marionette	DEBUG	[4294967297] Canceled page load listener because no navigation has been detected
1539884979331	Marionette	DEBUG	[4294967297] Canceled page load listener because no navigation has been detected
1539884979593	Marionette	DEBUG	[4294967297] Canceled page load listener because no navigation has been detected
1539884979814	Marionette	DEBUG	[4294967297] Canceled page load listener because no navigation has been detected
1539884980036	Marionette	DEBUG	[4294967297] Canceled page load listener because no navigation has been detected
1539884980292	Marionette	DEBUG	[4294967297] Canceled page load listener because no navigation has been detected
1539884980507	Marionette	DEBUG	[4294967297] Canceled page load listener because no navigation has been detected
1539884980724	Marionette	DEBUG	[4294967297] Canceled page load listener because no navigation has been detected
1539884980742	Marionette	DEBUG	[4294967297] Received DOM event beforeunload for http://localhost/addressbook/edit.php
1539884980804	Marionette	DEBUG	[4294967297] Received DOM event pagehide for http://localhost/addressbook/edit.php
1539884980804	Marionette	DEBUG	[4294967297] Received DOM event unload for http://localhost/addressbook/edit.php
1539884980811	Marionette	DEBUG	[4294967297] Received DOM event DOMContentLoaded for http://localhost/addressbook/edit.php
1539884980816	Marionette	DEBUG	[4294967297] Received DOM event pageshow for http://localhost/addressbook/edit.php
1539884980860	Marionette	DEBUG	[4294967297] Received DOM event beforeunload for http://localhost/addressbook/edit.php
1539884980864	Marionette	DEBUG	[4294967297] Received DOM event pagehide for http://localhost/addressbook/edit.php
1539884980865	Marionette	DEBUG	[4294967297] Received DOM event unload for http://localhost/addressbook/edit.php
1539884980872	Marionette	DEBUG	[4294967297] Received DOM event DOMContentLoaded for http://localhost/addressbook/
1539884980880	Marionette	DEBUG	[4294967297] Received DOM event pageshow for http://localhost/addressbook/
1539884985773	Marionette	DEBUG	[4294967297] Received DOM event beforeunload for http://localhost/addressbook/index.php
1539884985924	Marionette	DEBUG	[4294967297] Received DOM event pagehide for http://localhost/addressbook/index.php
1539884985925	Marionette	DEBUG	[4294967297] Received DOM event unload for http://localhost/addressbook/index.php
1539884985932	Marionette	DEBUG	[4294967297] Received DOM event DOMContentLoaded for http://localhost/addressbook/edit.php
1539884985948	Marionette	DEBUG	[4294967297] Received DOM event pageshow for http://localhost/addressbook/edit.php
1539884986191	Marionette	DEBUG	[4294967297] Canceled page load listener because no navigation has been detected
JavaScript error: resource://gre/modules/AutoCompletePopup.jsm, line 161: TypeError: Services.focus.focusedWindow is null
JavaScript error: resource://gre/modules/AutoCompletePopup.jsm, line 161: TypeError: Services.focus.focusedWindow is null
1539884986406	Marionette	DEBUG	[4294967297] Canceled page load listener because no navigation has been detected
1539884986668	Marionette	DEBUG	[4294967297] Canceled page load listener because no navigation has been detected
1539884986926	Marionette	DEBUG	[4294967297] Canceled page load listener because no navigation has been detected
1539884987179	Marionette	DEBUG	[4294967297] Canceled page load listener because no navigation has been detected
1539884987393	Marionette	DEBUG	[4294967297] Canceled page load listener because no navigation has been detected
1539884987608	Marionette	DEBUG	[4294967297] Canceled page load listener because no navigation has been detected
1539884987862	Marionette	DEBUG	[4294967297] Canceled page load listener because no navigation has been detected
1539884988077	Marionette	DEBUG	[4294967297] Canceled page load listener because no navigation has been detected
1539884988294	Marionette	DEBUG	[4294967297] Canceled page load listener because no navigation has been detected
1539884988306	Marionette	DEBUG	[4294967297] Received DOM event beforeunload for http://localhost/addressbook/edit.php
1539884988366	Marionette	DEBUG	[4294967297] Received DOM event pagehide for http://localhost/addressbook/edit.php
1539884988366	Marionette	DEBUG	[4294967297] Received DOM event unload for http://localhost/addressbook/edit.php
1539884988372	Marionette	DEBUG	[4294967297] Received DOM event DOMContentLoaded for http://localhost/addressbook/edit.php
1539884988380	Marionette	DEBUG	[4294967297] Received DOM event pageshow for http://localhost/addressbook/edit.php
1539884988408	Marionette	DEBUG	[4294967297] Received DOM event beforeunload for http://localhost/addressbook/edit.php
1539884988412	Marionette	DEBUG	[4294967297] Received DOM event pagehide for http://localhost/addressbook/edit.php
1539884988413	Marionette	DEBUG	[4294967297] Received DOM event unload for http://localhost/addressbook/edit.php
1539884988417	Marionette	DEBUG	[4294967297] Received DOM event DOMContentLoaded for http://localhost/addressbook/
1539884988425	Marionette	DEBUG	[4294967297] Received DOM event pageshow for http://localhost/addressbook/
1539884993514	Marionette	DEBUG	[4294967297] Received DOM event beforeunload for http://localhost/addressbook/index.php
1539884993647	Marionette	DEBUG	[4294967297] Received DOM event pagehide for http://localhost/addressbook/index.php
1539884993647	Marionette	DEBUG	[4294967297] Received DOM event unload for http://localhost/addressbook/index.php
1539884993655	Marionette	DEBUG	[4294967297] Received DOM event DOMContentLoaded for http://localhost/addressbook/edit.php
1539884993669	Marionette	DEBUG	[4294967297] Received DOM event pageshow for http://localhost/addressbook/edit.php
1539884993907	Marionette	DEBUG	[4294967297] Canceled page load listener because no navigation has been detected
JavaScript error: resource://gre/modules/AutoCompletePopup.jsm, line 161: TypeError: Services.focus.focusedWindow is null
JavaScript error: resource://gre/modules/AutoCompletePopup.jsm, line 161: TypeError: Services.focus.focusedWindow is null
1539884994137	Marionette	DEBUG	[4294967297] Canceled page load listener because no navigation has been detected
1539884994400	Marionette	DEBUG	[4294967297] Canceled page load listener because no navigation has been detected
1539884994659	Marionette	DEBUG	[4294967297] Canceled page load listener because no navigation has been detected
1539884994916	Marionette	DEBUG	[4294967297] Canceled page load listener because no navigation has been detected
1539884995142	Marionette	DEBUG	[4294967297] Canceled page load listener because no navigation has been detected
1539884995366	Marionette	DEBUG	[4294967297] Canceled page load listener because no navigation has been detected
1539884995622	Marionette	DEBUG	[4294967297] Canceled page load listener because no navigation has been detected
1539884995841	Marionette	DEBUG	[4294967297] Canceled page load listener because no navigation has been detected
1539884996067	Marionette	DEBUG	[4294967297] Canceled page load listener because no navigation has been detected
1539884996086	Marionette	DEBUG	[4294967297] Received DOM event beforeunload for http://localhost/addressbook/edit.php
1539884996149	Marionette	DEBUG	[4294967297] Received DOM event pagehide for http://localhost/addressbook/edit.php
1539884996149	Marionette	DEBUG	[4294967297] Received DOM event unload for http://localhost/addressbook/edit.php
1539884996155	Marionette	DEBUG	[4294967297] Received DOM event DOMContentLoaded for http://localhost/addressbook/edit.php
1539884996161	Marionette	DEBUG	[4294967297] Received DOM event pageshow for http://localhost/addressbook/edit.php
1539884996201	Marionette	DEBUG	[4294967297] Received DOM event beforeunload for http://localhost/addressbook/edit.php
1539884996204	Marionette	DEBUG	[4294967297] Received DOM event pagehide for http://localhost/addressbook/edit.php
1539884996205	Marionette	DEBUG	[4294967297] Received DOM event unload for http://localhost/addressbook/edit.php
1539884996209	Marionette	DEBUG	[4294967297] Received DOM event DOMContentLoaded for http://localhost/addressbook/
1539884996217	Marionette	DEBUG	[4294967297] Received DOM event pageshow for http://localhost/addressbook/
]]></system-err>
</testsuite>
