<?xml version="1.0" encoding="UTF-8"?>
<testsuite name="ru.stqa.pft.addressbook.tests.ContactDeletionTests" tests="1" skipped="0" failures="0" errors="0" timestamp="2018-10-18T17:50:12" hostname="MacBook-Pro-Maria.local" time="6.523">
  <properties/>
  <testcase name="testContactDeletion" classname="ru.stqa.pft.addressbook.tests.ContactDeletionTests" time="6.523"/>
  <system-out><![CDATA[]]></system-out>
  <system-err><![CDATA[1539885013861	Marionette	DEBUG	[4294967297] Received DOM event beforeunload for http://localhost/addressbook/index.php
1539885014008	Marionette	DEBUG	[4294967297] Received DOM event pagehide for http://localhost/addressbook/index.php
1539885014008	Marionette	DEBUG	[4294967297] Received DOM event unload for http://localhost/addressbook/index.php
1539885014015	Marionette	DEBUG	[4294967297] Received DOM event DOMContentLoaded for http://localhost/addressbook/edit.php?id=301
1539885014027	Marionette	DEBUG	[4294967297] Received DOM event pageshow for http://localhost/addressbook/edit.php?id=301
1539885014059	Marionette	DEBUG	[4294967297] Received DOM event beforeunload for http://localhost/addressbook/edit.php?id=301
1539885014129	Marionette	DEBUG	[4294967297] Received DOM event pagehide for http://localhost/addressbook/edit.php?id=301
1539885014129	Marionette	DEBUG	[4294967297] Received DOM event unload for http://localhost/addressbook/edit.php?id=301
1539885014135	Marionette	DEBUG	[4294967297] Received DOM event DOMContentLoaded for http://localhost/addressbook/delete.php?id=301&update=Delete
1539885014141	Marionette	DEBUG	[4294967297] Received DOM event pageshow for http://localhost/addressbook/delete.php?id=301&update=Delete
1539885014175	Marionette	DEBUG	[4294967297] Received DOM event beforeunload for http://localhost/addressbook/delete.php?id=301&update=Delete
1539885014179	Marionette	DEBUG	[4294967297] Received DOM event pagehide for http://localhost/addressbook/delete.php?id=301&update=Delete
1539885014180	Marionette	DEBUG	[4294967297] Received DOM event unload for http://localhost/addressbook/delete.php?id=301&update=Delete
1539885014183	Marionette	DEBUG	[4294967297] Received DOM event DOMContentLoaded for http://localhost/addressbook/
1539885014190	Marionette	DEBUG	[4294967297] Received DOM event pageshow for http://localhost/addressbook/
]]></system-err>
</testsuite>
