<?xml version="1.0" encoding="UTF-8"?>
<testsuite name="ru.stqa.pft.addressbook.tests.ContactCreationTests" tests="4" skipped="0" failures="0" errors="0" timestamp="2018-10-18T16:12:25" hostname="MacBook-Pro-Maria.local" time="39.245">
  <properties/>
  <testcase name="testContactCreation" classname="ru.stqa.pft.addressbook.tests.ContactCreationTests" time="10.434"/>
  <testcase name="testContactCreationJson[0](ContactData{id=2147483647, name='maria0', surname='belaya0'})" classname="ru.stqa.pft.addressbook.tests.ContactCreationTests" time="9.388"/>
  <testcase name="testContactCreationJson[1](ContactData{id=2147483647, name='maria1', surname='belaya1'})" classname="ru.stqa.pft.addressbook.tests.ContactCreationTests" time="9.549"/>
  <testcase name="testContactCreationJson[2](ContactData{id=2147483647, name='maria2', surname='belaya2'})" classname="ru.stqa.pft.addressbook.tests.ContactCreationTests" time="9.833"/>
  <system-out><![CDATA[4
4
5
5
6
6
7
7
]]></system-out>
  <system-err><![CDATA[1539879145427	Marionette	DEBUG	[4294967297] Received DOM event beforeunload for http://localhost/addressbook/index.php
1539879145560	Marionette	DEBUG	[4294967297] Received DOM event pagehide for http://localhost/addressbook/index.php
1539879145561	Marionette	DEBUG	[4294967297] Received DOM event unload for http://localhost/addressbook/index.php
1539879145567	Marionette	DEBUG	[4294967297] Received DOM event DOMContentLoaded for http://localhost/addressbook/edit.php
1539879145583	Marionette	DEBUG	[4294967297] Received DOM event pageshow for http://localhost/addressbook/edit.php
1539879146303	Marionette	DEBUG	[4294967297] Canceled page load listener because no navigation has been detected
1539879146801	Marionette	DEBUG	[4294967297] Canceled page load listener because no navigation has been detected
1539879147569	Marionette	DEBUG	[4294967297] Canceled page load listener because no navigation has been detected
1539879148071	Marionette	DEBUG	[4294967297] Canceled page load listener because no navigation has been detected
1539879148846	Marionette	DEBUG	[4294967297] Canceled page load listener because no navigation has been detected
1539879149344	Marionette	DEBUG	[4294967297] Canceled page load listener because no navigation has been detected
1539879150102	Marionette	DEBUG	[4294967297] Canceled page load listener because no navigation has been detected
1539879150601	Marionette	DEBUG	[4294967297] Canceled page load listener because no navigation has been detected
1539879151364	Marionette	DEBUG	[4294967297] Canceled page load listener because no navigation has been detected
1539879151861	Marionette	DEBUG	[4294967297] Canceled page load listener because no navigation has been detected
1539879151915	Marionette	DEBUG	[4294967297] Received DOM event beforeunload for http://localhost/addressbook/edit.php
1539879151983	Marionette	DEBUG	[4294967297] Received DOM event pagehide for http://localhost/addressbook/edit.php
1539879151984	Marionette	DEBUG	[4294967297] Received DOM event unload for http://localhost/addressbook/edit.php
1539879151990	Marionette	DEBUG	[4294967297] Received DOM event DOMContentLoaded for http://localhost/addressbook/edit.php
1539879152005	Marionette	DEBUG	[4294967297] Received DOM event pageshow for http://localhost/addressbook/edit.php
1539879152034	Marionette	DEBUG	[4294967297] Received DOM event beforeunload for http://localhost/addressbook/edit.php
1539879152038	Marionette	DEBUG	[4294967297] Received DOM event pagehide for http://localhost/addressbook/edit.php
1539879152038	Marionette	DEBUG	[4294967297] Received DOM event unload for http://localhost/addressbook/edit.php
1539879152041	Marionette	DEBUG	[4294967297] Received DOM event DOMContentLoaded for http://localhost/addressbook/
1539879152051	Marionette	DEBUG	[4294967297] Received DOM event pageshow for http://localhost/addressbook/
1539879155940	Marionette	DEBUG	[4294967297] Received DOM event beforeunload for http://localhost/addressbook/index.php
1539879156075	Marionette	DEBUG	[4294967297] Received DOM event pagehide for http://localhost/addressbook/index.php
1539879156075	Marionette	DEBUG	[4294967297] Received DOM event unload for http://localhost/addressbook/index.php
1539879156081	Marionette	DEBUG	[4294967297] Received DOM event DOMContentLoaded for http://localhost/addressbook/edit.php
1539879156094	Marionette	DEBUG	[4294967297] Received DOM event pageshow for http://localhost/addressbook/edit.php
1539879156815	Marionette	DEBUG	[4294967297] Canceled page load listener because no navigation has been detected
JavaScript error: resource://gre/modules/AutoCompletePopup.jsm, line 161: TypeError: Services.focus.focusedWindow is null
JavaScript error: resource://gre/modules/AutoCompletePopup.jsm, line 161: TypeError: Services.focus.focusedWindow is null
1539879157313	Marionette	DEBUG	[4294967297] Canceled page load listener because no navigation has been detected
1539879158071	Marionette	DEBUG	[4294967297] Canceled page load listener because no navigation has been detected
1539879158571	Marionette	DEBUG	[4294967297] Canceled page load listener because no navigation has been detected
1539879159326	Marionette	DEBUG	[4294967297] Canceled page load listener because no navigation has been detected
1539879159831	Marionette	DEBUG	[4294967297] Canceled page load listener because no navigation has been detected
1539879160550	Marionette	DEBUG	[4294967297] Canceled page load listener because no navigation has been detected
1539879161052	Marionette	DEBUG	[4294967297] Canceled page load listener because no navigation has been detected
1539879161771	Marionette	DEBUG	[4294967297] Canceled page load listener because no navigation has been detected
1539879162275	Marionette	DEBUG	[4294967297] Canceled page load listener because no navigation has been detected
1539879162297	Marionette	DEBUG	[4294967297] Received DOM event beforeunload for http://localhost/addressbook/edit.php
1539879162364	Marionette	DEBUG	[4294967297] Received DOM event pagehide for http://localhost/addressbook/edit.php
1539879162364	Marionette	DEBUG	[4294967297] Received DOM event unload for http://localhost/addressbook/edit.php
1539879162369	Marionette	DEBUG	[4294967297] Received DOM event DOMContentLoaded for http://localhost/addressbook/edit.php
1539879162378	Marionette	DEBUG	[4294967297] Received DOM event pageshow for http://localhost/addressbook/edit.php
1539879162407	Marionette	DEBUG	[4294967297] Received DOM event beforeunload for http://localhost/addressbook/edit.php
1539879162412	Marionette	DEBUG	[4294967297] Received DOM event pagehide for http://localhost/addressbook/edit.php
1539879162413	Marionette	DEBUG	[4294967297] Received DOM event unload for http://localhost/addressbook/edit.php
1539879162416	Marionette	DEBUG	[4294967297] Received DOM event DOMContentLoaded for http://localhost/addressbook/
1539879162422	Marionette	DEBUG	[4294967297] Received DOM event pageshow for http://localhost/addressbook/
1539879165370	Marionette	DEBUG	[4294967297] Received DOM event beforeunload for http://localhost/addressbook/index.php
1539879165504	Marionette	DEBUG	[4294967297] Received DOM event pagehide for http://localhost/addressbook/index.php
1539879165505	Marionette	DEBUG	[4294967297] Received DOM event unload for http://localhost/addressbook/index.php
1539879165511	Marionette	DEBUG	[4294967297] Received DOM event DOMContentLoaded for http://localhost/addressbook/edit.php
1539879165523	Marionette	DEBUG	[4294967297] Received DOM event pageshow for http://localhost/addressbook/edit.php
1539879166244	Marionette	DEBUG	[4294967297] Canceled page load listener because no navigation has been detected
JavaScript error: resource://gre/modules/AutoCompletePopup.jsm, line 161: TypeError: Services.focus.focusedWindow is null
JavaScript error: resource://gre/modules/AutoCompletePopup.jsm, line 161: TypeError: Services.focus.focusedWindow is null
1539879166743	Marionette	DEBUG	[4294967297] Canceled page load listener because no navigation has been detected
1539879167503	Marionette	DEBUG	[4294967297] Canceled page load listener because no navigation has been detected
1539879168007	Marionette	DEBUG	[4294967297] Canceled page load listener because no navigation has been detected
1539879168774	Marionette	DEBUG	[4294967297] Canceled page load listener because no navigation has been detected
1539879169274	Marionette	DEBUG	[4294967297] Canceled page load listener because no navigation has been detected
1539879170006	Marionette	DEBUG	[4294967297] Canceled page load listener because no navigation has been detected
1539879170505	Marionette	DEBUG	[4294967297] Canceled page load listener because no navigation has been detected
1539879171227	Marionette	DEBUG	[4294967297] Canceled page load listener because no navigation has been detected
1539879171725	Marionette	DEBUG	[4294967297] Canceled page load listener because no navigation has been detected
1539879171742	Marionette	DEBUG	[4294967297] Received DOM event beforeunload for http://localhost/addressbook/edit.php
1539879171799	Marionette	DEBUG	[4294967297] Received DOM event pagehide for http://localhost/addressbook/edit.php
1539879171800	Marionette	DEBUG	[4294967297] Received DOM event unload for http://localhost/addressbook/edit.php
1539879171805	Marionette	DEBUG	[4294967297] Received DOM event DOMContentLoaded for http://localhost/addressbook/edit.php
1539879171814	Marionette	DEBUG	[4294967297] Received DOM event pageshow for http://localhost/addressbook/edit.php
1539879171848	Marionette	DEBUG	[4294967297] Received DOM event beforeunload for http://localhost/addressbook/edit.php
1539879171851	Marionette	DEBUG	[4294967297] Received DOM event pagehide for http://localhost/addressbook/edit.php
1539879171852	Marionette	DEBUG	[4294967297] Received DOM event unload for http://localhost/addressbook/edit.php
1539879171856	Marionette	DEBUG	[4294967297] Received DOM event DOMContentLoaded for http://localhost/addressbook/
1539879171867	Marionette	DEBUG	[4294967297] Received DOM event pageshow for http://localhost/addressbook/
1539879174991	Marionette	DEBUG	[4294967297] Received DOM event beforeunload for http://localhost/addressbook/index.php
1539879175126	Marionette	DEBUG	[4294967297] Received DOM event pagehide for http://localhost/addressbook/index.php
1539879175126	Marionette	DEBUG	[4294967297] Received DOM event unload for http://localhost/addressbook/index.php
1539879175133	Marionette	DEBUG	[4294967297] Received DOM event DOMContentLoaded for http://localhost/addressbook/edit.php
1539879175144	Marionette	DEBUG	[4294967297] Received DOM event pageshow for http://localhost/addressbook/edit.php
1539879175858	Marionette	DEBUG	[4294967297] Canceled page load listener because no navigation has been detected
JavaScript error: resource://gre/modules/AutoCompletePopup.jsm, line 161: TypeError: Services.focus.focusedWindow is null
JavaScript error: resource://gre/modules/AutoCompletePopup.jsm, line 161: TypeError: Services.focus.focusedWindow is null
1539879176364	Marionette	DEBUG	[4294967297] Canceled page load listener because no navigation has been detected
1539879177124	Marionette	DEBUG	[4294967297] Canceled page load listener because no navigation has been detected
1539879177619	Marionette	DEBUG	[4294967297] Canceled page load listener because no navigation has been detected
1539879178394	Marionette	DEBUG	[4294967297] Canceled page load listener because no navigation has been detected
1539879178895	Marionette	DEBUG	[4294967297] Canceled page load listener because no navigation has been detected
1539879179613	Marionette	DEBUG	[4294967297] Canceled page load listener because no navigation has been detected
1539879180117	Marionette	DEBUG	[4294967297] Canceled page load listener because no navigation has been detected
1539879180843	Marionette	DEBUG	[4294967297] Canceled page load listener because no navigation has been detected
1539879181341	Marionette	DEBUG	[4294967297] Canceled page load listener because no navigation has been detected
1539879181368	Marionette	DEBUG	[4294967297] Received DOM event beforeunload for http://localhost/addressbook/edit.php
1539879181432	Marionette	DEBUG	[4294967297] Received DOM event pagehide for http://localhost/addressbook/edit.php
1539879181433	Marionette	DEBUG	[4294967297] Received DOM event unload for http://localhost/addressbook/edit.php
1539879181438	Marionette	DEBUG	[4294967297] Received DOM event DOMContentLoaded for http://localhost/addressbook/edit.php
1539879181455	Marionette	DEBUG	[4294967297] Received DOM event pageshow for http://localhost/addressbook/edit.php
1539879181494	Marionette	DEBUG	[4294967297] Received DOM event beforeunload for http://localhost/addressbook/edit.php
1539879181499	Marionette	DEBUG	[4294967297] Received DOM event pagehide for http://localhost/addressbook/edit.php
1539879181499	Marionette	DEBUG	[4294967297] Received DOM event unload for http://localhost/addressbook/edit.php
1539879181503	Marionette	DEBUG	[4294967297] Received DOM event DOMContentLoaded for http://localhost/addressbook/
1539879181516	Marionette	DEBUG	[4294967297] Received DOM event pageshow for http://localhost/addressbook/
]]></system-err>
</testsuite>
